2025-02-10 15:32:52:3252 - [32minfo[39m: [32mAplicação está funcionando na porta: 3000[39m
2025-02-10 15:33:56:3356 - [32minfo[39m: [32mConectou ao banco de dados Atlas![39m
2025-02-10 15:33:56:3356 - [32minfo[39m: [32mAplicação está funcionando na porta: 3000[39m
2025-02-10 15:34:10:3410 - [32minfo[39m: [32mConectou ao banco de dados Atlas![39m
2025-02-10 15:34:10:3410 - [32minfo[39m: [32mAplicação está funcionando na porta: 3000[39m
2025-02-10 15:34:22:3422 - [32minfo[39m: [32mConectou ao banco de dados Atlas![39m
2025-02-10 15:34:22:3422 - [32minfo[39m: [32mAplicação está funcionando na porta: 3000[39m
2025-02-10 15:39:28:3928 - [32minfo[39m: [32mConectou ao banco de dados Atlas![39m
2025-02-10 15:39:28:3928 - [32minfo[39m: [32mAplicação está funcionando na porta: 3000[39m
2025-02-10 15:39:53:3953 - [32minfo[39m: [32mConectou ao banco de dados Atlas![39m
2025-02-10 15:39:53:3953 - [32minfo[39m: [32mAplicação está funcionando na porta: 3000[39m
2025-02-10 16:09:49:949 - [32minfo[39m: [32mConectou ao banco de dados Atlas![39m
2025-02-10 16:09:49:949 - [32minfo[39m: [32mAplicação está funcionando na porta: 3000[39m
2025-02-10 16:09:58:958 - [32minfo[39m: [32mConectou ao banco de dados Atlas![39m
2025-02-10 16:09:58:958 - [32minfo[39m: [32mAplicação está funcionando na porta: 3000[39m
2025-02-10 16:10:31:1031 - [32minfo[39m: [32mConectou ao banco de dados Atlas![39m
2025-02-10 16:10:31:1031 - [32minfo[39m: [32mAplicação está funcionando na porta: 3000[39m
2025-02-10 16:12:44:1244 - [32minfo[39m: [32mConectou ao banco de dados Atlas![39m
2025-02-10 16:12:44:1244 - [32minfo[39m: [32mAplicação está funcionando na porta: 3000[39m
2025-02-10 16:12:57:1257 - [32minfo[39m: [32mConectou ao banco de dados Atlas![39m
2025-02-10 16:12:57:1257 - [32minfo[39m: [32mAplicação está funcionando na porta: 3000[39m
2025-02-10 16:13:00:130 - [35mhttp[39m: [35mGET /api/test 200 12 - 2.245 ms[39m
[35m[39m
2025-02-10 17:36:59:3659 - [32minfo[39m: [32mConectou ao banco de dados Atlas![39m
2025-02-10 17:36:59:3659 - [32minfo[39m: [32mAplicação está funcionando na porta: 3000[39m
2025-02-10 17:54:46:5446 - [32minfo[39m: [32mConectou ao banco de dados Atlas![39m
2025-02-10 17:54:46:5446 - [32minfo[39m: [32mAplicação está funcionando na porta: 3000[39m
2025-02-10 17:55:14:5514 - [32minfo[39m: [32mConectou ao banco de dados Atlas![39m
2025-02-10 17:55:14:5514 - [32minfo[39m: [32mAplicação está funcionando na porta: 3000[39m
2025-02-10 17:55:46:5546 - [32minfo[39m: [32mConectou ao banco de dados Atlas![39m
2025-02-10 17:55:46:5546 - [32minfo[39m: [32mAplicação está funcionando na porta: 3000[39m
2025-02-10 17:56:45:5645 - [32minfo[39m: [32mConectou ao banco de dados Atlas![39m
2025-02-10 17:56:45:5645 - [32minfo[39m: [32mAplicação está funcionando na porta: 3000[39m
2025-02-10 18:01:16:116 - [32minfo[39m: [32mConectou ao banco de dados Atlas![39m
2025-02-10 18:01:16:116 - [32minfo[39m: [32mAplicação está funcionando na porta: 3000[39m
2025-02-10 18:02:08:28 - [32minfo[39m: [32mConectou ao banco de dados Atlas![39m
2025-02-10 18:02:08:28 - [32minfo[39m: [32mAplicação está funcionando na porta: 3000[39m
2025-02-10 18:03:42:342 - [32minfo[39m: [32mConectou ao banco de dados Atlas![39m
2025-02-10 18:03:42:342 - [32minfo[39m: [32mAplicação está funcionando na porta: 3000[39m
2025-02-10 18:03:58:358 - [35mhttp[39m: [35mGET /api/test 200 12 - 2.276 ms[39m
[35m[39m
2025-02-10 18:05:03:53 - [35mhttp[39m: [35mPOST /api//clientes 404 153 - 3.498 ms[39m
[35m[39m
2025-02-10 18:05:14:514 - [35mhttp[39m: [35mPOST /api//cliente 200 22 - 0.786 ms[39m
[35m[39m
2025-02-10 18:06:36:636 - [32minfo[39m: [32mConectou ao banco de dados Atlas![39m
2025-02-10 18:06:36:636 - [32minfo[39m: [32mAplicação está funcionando na porta: 3000[39m
2025-02-10 18:07:00:70 - [32minfo[39m: [32mConectou ao banco de dados Atlas![39m
2025-02-10 18:07:00:70 - [32minfo[39m: [32mAplicação está funcionando na porta: 3000[39m
2025-02-10 18:07:21:721 - [32minfo[39m: [32mConectou ao banco de dados Atlas![39m
2025-02-10 18:07:21:721 - [32minfo[39m: [32mAplicação está funcionando na porta: 3000[39m
2025-02-10 18:07:44:744 - [32minfo[39m: [32mConectou ao banco de dados Atlas![39m
2025-02-10 18:07:44:744 - [32minfo[39m: [32mAplicação está funcionando na porta: 3000[39m
2025-02-10 18:08:08:88 - [32minfo[39m: [32mConectou ao banco de dados Atlas![39m
2025-02-10 18:08:08:88 - [32minfo[39m: [32mAplicação está funcionando na porta: 3000[39m
2025-02-10 18:08:35:835 - [32minfo[39m: [32mConectou ao banco de dados Atlas![39m
2025-02-10 18:08:35:835 - [32minfo[39m: [32mAplicação está funcionando na porta: 3000[39m
2025-02-10 18:09:27:927 - [35mhttp[39m: [35mPOST /api//cliente 201 137 - 38.023 ms[39m
[35m[39m
2025-02-10 18:54:37:5437 - [32minfo[39m: [32mConectou ao banco de dados Atlas![39m
2025-02-10 18:54:37:5437 - [32minfo[39m: [32mAplicação está funcionando na porta: 3000[39m
2025-02-10 18:55:25:5525 - [32minfo[39m: [32mConectou ao banco de dados Atlas![39m
2025-02-10 18:55:25:5525 - [32minfo[39m: [32mAplicação está funcionando na porta: 3000[39m
2025-02-10 18:57:09:579 - [35mhttp[39m: [35mPOST /api//cliente 201 138 - 39.184 ms[39m
[35m[39m
2025-02-10 18:57:25:5725 - [35mhttp[39m: [35mPOST /api//cliente 201 138 - 25.500 ms[39m
[35m[39m
2025-02-10 19:44:10:4410 - [32minfo[39m: [32mConectou ao banco de dados Atlas![39m
2025-02-10 19:44:10:4410 - [32minfo[39m: [32mAplicação está funcionando na porta: 3000[39m
2025-02-10 19:44:55:4455 - [32minfo[39m: [32mConectou ao banco de dados Atlas![39m
2025-02-10 19:44:55:4455 - [32minfo[39m: [32mAplicação está funcionando na porta: 3000[39m
2025-02-10 19:45:31:4531 - [35mhttp[39m: [35mPOST /api//cliente - - - - ms[39m
[35m[39m
2025-02-10 19:51:44:5144 - [32minfo[39m: [32mConectou ao banco de dados Atlas![39m
2025-02-10 19:51:44:5144 - [32minfo[39m: [32mAplicação está funcionando na porta: 3000[39m
2025-02-10 19:52:02:522 - [35mhttp[39m: [35mPOST /api//cliente - - - - ms[39m
[35m[39m
2025-02-10 19:53:56:5356 - [32minfo[39m: [32mConectou ao banco de dados Atlas![39m
2025-02-10 19:53:56:5356 - [32minfo[39m: [32mAplicação está funcionando na porta: 3000[39m
2025-02-10 19:54:30:5430 - [32minfo[39m: [32mConectou ao banco de dados Atlas![39m
2025-02-10 19:54:30:5430 - [32minfo[39m: [32mAplicação está funcionando na porta: 3000[39m
2025-02-10 19:57:02:572 - [32minfo[39m: [32mConectou ao banco de dados Atlas![39m
2025-02-10 19:57:02:572 - [32minfo[39m: [32mAplicação está funcionando na porta: 3000[39m
2025-02-10 19:57:10:5710 - [35mhttp[39m: [35mPOST /api//cliente 201 131 - 39.043 ms[39m
[35m[39m
2025-02-10 19:57:16:5716 - [35mhttp[39m: [35mPOST /api//cliente 422 37 - 0.483 ms[39m
[35m[39m
2025-02-10 19:57:16:5716 - [31merror[39m: [31mErro no sistema: Cannot set headers after they are sent to the client[39m
2025-02-10 19:58:40:5840 - [32minfo[39m: [32mConectou ao banco de dados Atlas![39m
2025-02-10 19:58:40:5840 - [32minfo[39m: [32mAplicação está funcionando na porta: 3000[39m
2025-02-10 19:59:13:5913 - [32minfo[39m: [32mConectou ao banco de dados Atlas![39m
2025-02-10 19:59:13:5913 - [32minfo[39m: [32mAplicação está funcionando na porta: 3000[39m
2025-02-10 19:59:37:5937 - [35mhttp[39m: [35mPOST /api//cliente 422 37 - 2.354 ms[39m
[35m[39m
2025-02-10 20:00:00:00 - [35mhttp[39m: [35mPOST /api//cliente 422 46 - 0.441 ms[39m
[35m[39m
2025-02-10 20:00:20:020 - [35mhttp[39m: [35mPOST /api//cliente 422 48 - 0.743 ms[39m
[35m[39m
2025-02-10 20:00:35:035 - [32minfo[39m: [32mConectou ao banco de dados Atlas![39m
2025-02-10 20:00:35:035 - [32minfo[39m: [32mAplicação está funcionando na porta: 3000[39m
2025-02-10 20:00:39:039 - [35mhttp[39m: [35mPOST /api//cliente 422 46 - 2.358 ms[39m
[35m[39m
2025-02-10 20:04:59:459 - [35mhttp[39m: [35mPOST /api//cliente 201 170 - 38.670 ms[39m
[35m[39m
2025-02-10 20:08:25:825 - [32minfo[39m: [32mConectou ao banco de dados Atlas![39m
2025-02-10 20:08:25:825 - [32minfo[39m: [32mAplicação está funcionando na porta: 3000[39m
2025-02-10 20:08:47:847 - [32minfo[39m: [32mConectou ao banco de dados Atlas![39m
2025-02-10 20:08:47:847 - [32minfo[39m: [32mAplicação está funcionando na porta: 3000[39m
2025-02-10 20:10:57:1057 - [32minfo[39m: [32mConectou ao banco de dados Atlas![39m
2025-02-10 20:10:57:1057 - [32minfo[39m: [32mAplicação está funcionando na porta: 3000[39m
2025-02-10 20:11:08:118 - [32minfo[39m: [32mConectou ao banco de dados Atlas![39m
2025-02-10 20:11:08:118 - [32minfo[39m: [32mAplicação está funcionando na porta: 3000[39m
2025-02-10 20:11:15:1115 - [32minfo[39m: [32mConectou ao banco de dados Atlas![39m
2025-02-10 20:11:15:1115 - [32minfo[39m: [32mAplicação está funcionando na porta: 3000[39m
2025-02-10 20:11:49:1149 - [32minfo[39m: [32mConectou ao banco de dados Atlas![39m
2025-02-10 20:11:49:1149 - [32minfo[39m: [32mAplicação está funcionando na porta: 3000[39m
2025-02-10 20:13:38:1338 - [32minfo[39m: [32mConectou ao banco de dados Atlas![39m
2025-02-10 20:13:38:1338 - [32minfo[39m: [32mAplicação está funcionando na porta: 3000[39m
2025-02-10 20:14:07:147 - [32minfo[39m: [32mConectou ao banco de dados Atlas![39m
2025-02-10 20:14:07:147 - [32minfo[39m: [32mAplicação está funcionando na porta: 3000[39m
2025-02-10 20:14:15:1415 - [32minfo[39m: [32mConectou ao banco de dados Atlas![39m
2025-02-10 20:14:15:1415 - [32minfo[39m: [32mAplicação está funcionando na porta: 3000[39m
2025-02-10 20:19:45:1945 - [32minfo[39m: [32mConectou ao banco de dados Atlas![39m
2025-02-10 20:19:45:1945 - [32minfo[39m: [32mAplicação está funcionando na porta: 3000[39m
2025-02-10 20:21:20:2120 - [32minfo[39m: [32mConectou ao banco de dados Atlas![39m
2025-02-10 20:21:20:2120 - [32minfo[39m: [32mAplicação está funcionando na porta: 3000[39m
2025-02-10 20:22:00:220 - [32minfo[39m: [32mConectou ao banco de dados Atlas![39m
2025-02-10 20:22:00:220 - [32minfo[39m: [32mAplicação está funcionando na porta: 3000[39m
2025-02-10 20:23:44:2344 - [35mhttp[39m: [35mGET /api/cliente/67aa861bf61c86e4b4c26a07 - - - - ms[39m
[35m[39m
2025-02-10 20:23:46:2346 - [35mhttp[39m: [35mGET /api/cliente/67aa861bf61c86e4b4c26a08 404 34 - 21.289 ms[39m
[35m[39m
2025-02-10 20:25:11:2511 - [32minfo[39m: [32mConectou ao banco de dados Atlas![39m
2025-02-10 20:25:11:2511 - [32minfo[39m: [32mAplicação está funcionando na porta: 3000[39m
2025-02-10 20:25:23:2523 - [32minfo[39m: [32mConectou ao banco de dados Atlas![39m
2025-02-10 20:25:23:2523 - [32minfo[39m: [32mAplicação está funcionando na porta: 3000[39m
2025-02-10 20:25:27:2527 - [35mhttp[39m: [35mGET /api/cliente/67aa861bf61c86e4b4c26a07 200 170 - 41.416 ms[39m
[35m[39m
2025-02-10 20:26:51:2651 - [32minfo[39m: [32mConectou ao banco de dados Atlas![39m
2025-02-10 20:26:51:2651 - [32minfo[39m: [32mAplicação está funcionando na porta: 3000[39m
2025-02-10 20:27:03:273 - [32minfo[39m: [32mConectou ao banco de dados Atlas![39m
2025-02-10 20:27:03:273 - [32minfo[39m: [32mAplicação está funcionando na porta: 3000[39m
2025-02-10 20:27:35:2735 - [32minfo[39m: [32mConectou ao banco de dados Atlas![39m
2025-02-10 20:27:35:2735 - [32minfo[39m: [32mAplicação está funcionando na porta: 3000[39m
2025-02-10 20:32:41:3241 - [32minfo[39m: [32mConectou ao banco de dados Atlas![39m
2025-02-10 20:32:41:3241 - [32minfo[39m: [32mAplicação está funcionando na porta: 3000[39m
2025-02-10 20:33:47:3347 - [32minfo[39m: [32mConectou ao banco de dados Atlas![39m
2025-02-10 20:33:47:3347 - [32minfo[39m: [32mAplicação está funcionando na porta: 3000[39m
2025-02-10 20:34:32:3432 - [32minfo[39m: [32mConectou ao banco de dados Atlas![39m
2025-02-10 20:34:32:3432 - [32minfo[39m: [32mAplicação está funcionando na porta: 3000[39m
2025-02-10 20:36:40:3640 - [32minfo[39m: [32mConectou ao banco de dados Atlas![39m
2025-02-10 20:36:40:3640 - [32minfo[39m: [32mAplicação está funcionando na porta: 3000[39m
2025-02-10 20:37:20:3720 - [35mhttp[39m: [35mGET /api//cliente 200 851 - 35.334 ms[39m
[35m[39m
2025-02-10 20:42:42:4242 - [32minfo[39m: [32mConectou ao banco de dados Atlas![39m
2025-02-10 20:42:42:4242 - [32minfo[39m: [32mAplicação está funcionando na porta: 3000[39m
2025-02-10 20:42:58:4258 - [32minfo[39m: [32mConectou ao banco de dados Atlas![39m
2025-02-10 20:42:58:4258 - [32minfo[39m: [32mAplicação está funcionando na porta: 3000[39m
2025-02-10 20:43:11:4311 - [32minfo[39m: [32mConectou ao banco de dados Atlas![39m
2025-02-10 20:43:11:4311 - [32minfo[39m: [32mAplicação está funcionando na porta: 3000[39m
2025-02-10 21:00:20:020 - [32minfo[39m: [32mConectou ao banco de dados Atlas![39m
2025-02-10 21:00:20:020 - [32minfo[39m: [32mAplicação está funcionando na porta: 3000[39m
2025-02-10 21:00:49:049 - [32minfo[39m: [32mConectou ao banco de dados Atlas![39m
2025-02-10 21:00:49:049 - [32minfo[39m: [32mAplicação está funcionando na porta: 3000[39m
2025-02-10 21:00:55:055 - [32minfo[39m: [32mConectou ao banco de dados Atlas![39m
2025-02-10 21:00:55:055 - [32minfo[39m: [32mAplicação está funcionando na porta: 3000[39m
2025-02-10 21:01:10:110 - [32minfo[39m: [32mConectou ao banco de dados Atlas![39m
2025-02-10 21:01:10:110 - [32minfo[39m: [32mAplicação está funcionando na porta: 3000[39m
2025-02-10 21:01:29:129 - [32minfo[39m: [32mConectou ao banco de dados Atlas![39m
2025-02-10 21:01:29:129 - [32minfo[39m: [32mAplicação está funcionando na porta: 3000[39m
2025-02-10 21:01:50:150 - [32minfo[39m: [32mConectou ao banco de dados Atlas![39m
2025-02-10 21:01:50:150 - [32minfo[39m: [32mAplicação está funcionando na porta: 3000[39m
2025-02-10 21:01:57:157 - [32minfo[39m: [32mConectou ao banco de dados Atlas![39m
2025-02-10 21:01:57:157 - [32minfo[39m: [32mAplicação está funcionando na porta: 3000[39m
2025-02-10 21:02:29:229 - [32minfo[39m: [32mConectou ao banco de dados Atlas![39m
2025-02-10 21:02:29:229 - [32minfo[39m: [32mAplicação está funcionando na porta: 3000[39m
2025-02-10 21:02:41:241 - [32minfo[39m: [32mConectou ao banco de dados Atlas![39m
2025-02-10 21:02:41:241 - [32minfo[39m: [32mAplicação está funcionando na porta: 3000[39m
2025-02-10 21:02:53:253 - [32minfo[39m: [32mConectou ao banco de dados Atlas![39m
2025-02-10 21:02:53:253 - [32minfo[39m: [32mAplicação está funcionando na porta: 3000[39m
2025-02-10 21:03:04:34 - [32minfo[39m: [32mConectou ao banco de dados Atlas![39m
2025-02-10 21:03:04:34 - [32minfo[39m: [32mAplicação está funcionando na porta: 3000[39m
2025-02-10 21:04:02:42 - [32minfo[39m: [32mConectou ao banco de dados Atlas![39m
2025-02-10 21:04:02:42 - [32minfo[39m: [32mAplicação está funcionando na porta: 3000[39m
2025-02-10 21:04:22:422 - [32minfo[39m: [32mConectou ao banco de dados Atlas![39m
2025-02-10 21:04:22:422 - [32minfo[39m: [32mAplicação está funcionando na porta: 3000[39m
2025-02-10 21:09:38:938 - [35mhttp[39m: [35mDELETE /api//cliente/67aa844cabff40c4d5acd569 404 179 - 3.776 ms[39m
[35m[39m
2025-02-10 21:10:00:100 - [35mhttp[39m: [35mDELETE /api/cliente/67aa844cabff40c4d5acd569 404 178 - 1.105 ms[39m
[35m[39m
2025-02-10 21:10:32:1032 - [35mhttp[39m: [35mDELETE /api//cliente/67aa844cabff40c4d5acd567 404 179 - 0.607 ms[39m
[35m[39m
2025-02-10 21:11:11:1111 - [35mhttp[39m: [35mDELETE /api/cliente/67aa844cabff40c4d5acd567 404 178 - 0.533 ms[39m
[35m[39m
2025-02-10 21:11:15:1115 - [35mhttp[39m: [35mDELETE /api/cliente/67aa844cabff40c4d5acd567 404 178 - 0.943 ms[39m
[35m[39m
2025-02-10 21:11:48:1148 - [32minfo[39m: [32mConectou ao banco de dados Atlas![39m
2025-02-10 21:11:48:1148 - [32minfo[39m: [32mAplicação está funcionando na porta: 3000[39m
2025-02-10 21:11:52:1152 - [35mhttp[39m: [35mDELETE /api/cliente/67aa844cabff40c4d5acd569 404 34 - 29.774 ms[39m
[35m[39m
2025-02-10 21:12:37:1237 - [32minfo[39m: [32mConectou ao banco de dados Atlas![39m
2025-02-10 21:12:37:1237 - [32minfo[39m: [32mAplicação está funcionando na porta: 3000[39m
2025-02-10 21:12:44:1244 - [32minfo[39m: [32mConectou ao banco de dados Atlas![39m
2025-02-10 21:12:44:1244 - [32minfo[39m: [32mAplicação está funcionando na porta: 3000[39m
2025-02-10 21:13:20:1320 - [32minfo[39m: [32mConectou ao banco de dados Atlas![39m
2025-02-10 21:13:20:1320 - [32minfo[39m: [32mAplicação está funcionando na porta: 3000[39m
2025-02-10 21:14:13:1413 - [32minfo[39m: [32mConectou ao banco de dados Atlas![39m
2025-02-10 21:14:13:1413 - [32minfo[39m: [32mAplicação está funcionando na porta: 3000[39m
2025-02-10 21:14:21:1421 - [35mhttp[39m: [35mDELETE /api/cliente/67aa844cabff40c4d5acd567 200 41 - 59.535 ms[39m
[35m[39m
2025-02-10 21:14:34:1434 - [35mhttp[39m: [35mGET /api//cliente 200 720 - 22.914 ms[39m
[35m[39m
2025-02-10 21:24:54:2454 - [32minfo[39m: [32mConectou ao banco de dados Atlas![39m
2025-02-10 21:24:54:2454 - [32minfo[39m: [32mAplicação está funcionando na porta: 3000[39m
2025-02-10 21:25:31:2531 - [32minfo[39m: [32mConectou ao banco de dados Atlas![39m
2025-02-10 21:25:31:2531 - [32minfo[39m: [32mAplicação está funcionando na porta: 3000[39m
2025-02-10 21:25:51:2551 - [32minfo[39m: [32mConectou ao banco de dados Atlas![39m
2025-02-10 21:25:51:2551 - [32minfo[39m: [32mAplicação está funcionando na porta: 3000[39m
2025-02-10 21:26:05:265 - [32minfo[39m: [32mConectou ao banco de dados Atlas![39m
2025-02-10 21:26:05:265 - [32minfo[39m: [32mAplicação está funcionando na porta: 3000[39m
2025-02-10 21:26:25:2625 - [32minfo[39m: [32mConectou ao banco de dados Atlas![39m
2025-02-10 21:26:25:2625 - [32minfo[39m: [32mAplicação está funcionando na porta: 3000[39m
2025-02-10 21:26:44:2644 - [32minfo[39m: [32mConectou ao banco de dados Atlas![39m
2025-02-10 21:26:44:2644 - [32minfo[39m: [32mAplicação está funcionando na porta: 3000[39m
2025-02-10 21:27:12:2712 - [32minfo[39m: [32mConectou ao banco de dados Atlas![39m
2025-02-10 21:27:12:2712 - [32minfo[39m: [32mAplicação está funcionando na porta: 3000[39m
2025-02-10 21:27:43:2743 - [32minfo[39m: [32mConectou ao banco de dados Atlas![39m
2025-02-10 21:27:43:2743 - [32minfo[39m: [32mAplicação está funcionando na porta: 3000[39m
2025-02-10 21:27:51:2751 - [32minfo[39m: [32mConectou ao banco de dados Atlas![39m
2025-02-10 21:27:51:2751 - [32minfo[39m: [32mAplicação está funcionando na porta: 3000[39m
2025-02-10 21:27:58:2758 - [32minfo[39m: [32mConectou ao banco de dados Atlas![39m
2025-02-10 21:27:58:2758 - [32minfo[39m: [32mAplicação está funcionando na porta: 3000[39m
2025-02-10 21:28:02:282 - [32minfo[39m: [32mConectou ao banco de dados Atlas![39m
2025-02-10 21:28:02:282 - [32minfo[39m: [32mAplicação está funcionando na porta: 3000[39m
2025-02-10 21:29:28:2928 - [35mhttp[39m: [35mPATCH /api/cliente/67aa844cabff40c4d5acd567 404 34 - 33.498 ms[39m
[35m[39m
2025-02-10 21:30:05:305 - [32minfo[39m: [32mConectou ao banco de dados Atlas![39m
2025-02-10 21:30:05:305 - [32minfo[39m: [32mAplicação está funcionando na porta: 3000[39m
2025-02-10 21:30:16:3016 - [32minfo[39m: [32mConectou ao banco de dados Atlas![39m
2025-02-10 21:30:16:3016 - [32minfo[39m: [32mAplicação está funcionando na porta: 3000[39m
2025-02-10 21:30:23:3023 - [32minfo[39m: [32mConectou ao banco de dados Atlas![39m
2025-02-10 21:30:23:3023 - [32minfo[39m: [32mAplicação está funcionando na porta: 3000[39m
2025-02-10 21:30:33:3033 - [32minfo[39m: [32mConectou ao banco de dados Atlas![39m
2025-02-10 21:30:33:3033 - [32minfo[39m: [32mAplicação está funcionando na porta: 3000[39m
2025-02-10 21:31:16:3116 - [32minfo[39m: [32mConectou ao banco de dados Atlas![39m
2025-02-10 21:31:16:3116 - [32minfo[39m: [32mAplicação está funcionando na porta: 3000[39m
2025-02-10 21:31:26:3126 - [32minfo[39m: [32mConectou ao banco de dados Atlas![39m
2025-02-10 21:31:26:3126 - [32minfo[39m: [32mAplicação está funcionando na porta: 3000[39m
2025-02-10 21:31:50:3150 - [32minfo[39m: [32mConectou ao banco de dados Atlas![39m
2025-02-10 21:31:50:3150 - [32minfo[39m: [32mAplicação está funcionando na porta: 3000[39m
2025-02-10 21:32:01:321 - [32minfo[39m: [32mConectou ao banco de dados Atlas![39m
2025-02-10 21:32:01:321 - [32minfo[39m: [32mAplicação está funcionando na porta: 3000[39m
2025-02-10 21:32:13:3213 - [32minfo[39m: [32mConectou ao banco de dados Atlas![39m
2025-02-10 21:32:13:3213 - [32minfo[39m: [32mAplicação está funcionando na porta: 3000[39m
2025-02-10 21:34:02:342 - [35mhttp[39m: [35mPATCH /api/cliente/67aa764530070a75a14bae32 200 150 - 63.604 ms[39m
[35m[39m
2025-02-10 21:34:14:3414 - [35mhttp[39m: [35mPATCH /api/cliente/67aa764530070a75a14bae32 200 186 - 53.041 ms[39m
[35m[39m
2025-02-10 21:34:29:3429 - [35mhttp[39m: [35mGET /api//cliente 200 756 - 19.952 ms[39m
[35m[39m
